<?xml version="1.0" encoding="UTF-8"?>
<!-- Generated by org.testng.reporters.JUnitXMLReporter -->
<testsuite ignored="0" hostname="Vaibhav-HP" failures="1" tests="2" name="BankingApp Test" time="35.317" errors="0" timestamp="2024-07-11T17:53:24 IST">
  <testcase classname="testCases.LoginTest" name="login" time="2.332">
    <failure type="java.lang.AssertionError" message="expected [GTPL Bank Manager HomePage123] but found [GTPL Bank Manager HomePage]">
      <![CDATA[java.lang.AssertionError: expected [GTPL Bank Manager HomePage123] but found [GTPL Bank Manager HomePage]
at testCases.LoginTest.login(LoginTest.java:22)
at java.base/java.util.ArrayList.forEach(ArrayList.java:1597)
... Removed 31 stack frames]]>
    </failure>
  </testcase> <!-- login -->
  <testcase classname="testCases.AddCustomerTest" name="addNewCustomer" time="16.199"/>
</testsuite> <!-- BankingApp Test -->
