<?xml version="1.0" encoding="UTF-8"?>
<!-- Generated by org.testng.reporters.JUnitXMLReporter -->
<testsuite ignored="0" hostname="Vaibhav-HP" failures="1" tests="1" name="chromeTest" time="7.752" errors="0" timestamp="2024-09-08T00:33:29 IST">
  <testcase classname="testCases.LoginTest" name="login" time="4.396">
    <failure type="java.lang.AssertionError" message="expected [GTPL Bank Manager HomePage] but found [GTPL Bank Home Page]">
      <![CDATA[java.lang.AssertionError: expected [GTPL Bank Manager HomePage] but found [GTPL Bank Home Page]
at testCases.LoginTest.login(LoginTest.java:22)
at java.base/java.util.ArrayList.forEach(ArrayList.java:1597)
at java.base/java.util.concurrent.FutureTask.run(FutureTask.java:317)
at java.base/java.util.concurrent.ThreadPoolExecutor.runWorker(ThreadPoolExecutor.java:1144)
at java.base/java.util.concurrent.ThreadPoolExecutor$Worker.run(ThreadPoolExecutor.java:642)
at java.base/java.lang.Thread.run(Thread.java:1570)
... Removed 21 stack frames]]>
    </failure>
  </testcase> <!-- login -->
</testsuite> <!-- chromeTest -->
